<?xml version="1.0" encoding="UTF-8"?>
<!-- Generated by org.testng.reporters.JUnitReportReporter -->
<testsuite name="com.wipro.practice.SeleniumPractice.ExtentReportBaseClass" tests="1" time="0.017" ignored="0" failures="0" timestamp="01 Feb 2018 06:05:48 GMT" skipped="0" hostname="D-113064624" errors="0">
  <testcase name="loginToOpenCartTest" time="0.017" classname="com.wipro.practice.SeleniumPractice.ExtentReportBaseClass"/>
</testsuite> <!-- com.wipro.practice.SeleniumPractice.ExtentReportBaseClass -->
