<?xml version="1.0" encoding="UTF-8"?>
<!-- Generated by org.testng.reporters.JUnitReportReporter -->
<testsuite name="com.wipro.practice.SeleniumPractice.HelloWorldTest" tests="2" time="9.198" ignored="0" failures="0" timestamp="07 Feb 2018 12:17:15 GMT" skipped="0" hostname="D-113064580" errors="0">
  <testcase name="testExecute" time="9.197" classname="com.wipro.practice.SeleniumPractice.HelloWorldTest"/>
  <testcase name="testExecute1" time="0.001" classname="com.wipro.practice.SeleniumPractice.HelloWorldTest"/>
</testsuite> <!-- com.wipro.practice.SeleniumPractice.HelloWorldTest -->
